[01-Jun-2025 15:09:23 Europe/Berlin] PHP Fatal error:  Uncaught Error: Class "Conexion" not found in C:\xampp\htdocs\Agora\Modules\AjustesAdmin\sistema_admin.php:63
Stack trace:
#0 {main}
  thrown in C:\xampp\htdocs\Agora\Modules\AjustesAdmin\sistema_admin.php on line 63
[01-Jun-2025 15:10:02 Europe/Berlin] PHP Fatal error:  Uncaught Error: Class "Conexion" not found in C:\xampp\htdocs\Agora\Modules\AjustesAdmin\sistema_admin.php:63
Stack trace:
#0 {main}
  thrown in C:\xampp\htdocs\Agora\Modules\AjustesAdmin\sistema_admin.php on line 63
[01-Jun-2025 15:11:01 Europe/Berlin] REQUEST: Array
(
)

[01-Jun-2025 15:11:01 Europe/Berlin] SESSION: Array
(
    [id_usuario] => 1
    [nombre] => Developer
    [email] => dev@gmail.com
    [apaterno] => 
    [amaterno] => 
    [tipo_usuario] => 1
    [usuario] => dev@gmail.com
)

[01-Jun-2025 15:11:01 Europe/Berlin] RAW INPUT: {"tipo":"crear_backup","password":"password"}
[01-Jun-2025 15:11:01 Europe/Berlin] PHP Fatal error:  Uncaught Error: Class "Conexion" not found in C:\xampp\htdocs\Agora\Modules\AjustesAdmin\sistema_admin.php:63
Stack trace:
#0 {main}
  thrown in C:\xampp\htdocs\Agora\Modules\AjustesAdmin\sistema_admin.php on line 63
[01-Jun-2025 15:13:18 Europe/Berlin] Raw input: {"tipo":"crear_backup","password":"password"}
[01-Jun-2025 15:13:18 Europe/Berlin] Decoded input: Array
(
    [tipo] => crear_backup
    [password] => password
)

[01-Jun-2025 15:20:09 Europe/Berlin] PHP Warning:  Array to string conversion in C:\xampp\htdocs\Agora\Modules\AjustesAdmin\sistema_admin.php on line 88
[01-Jun-2025 15:20:09 Europe/Berlin] Error: Error al crear backup: "mysqldump" no se reconoce como un comando interno o externo,
programa o archivo por lotes ejecutable.
[01-Jun-2025 15:20:09 Europe/Berlin] Headers already sent in C:\xampp\htdocs\Agora\Modules\AjustesAdmin\sistema_admin.php:88
[01-Jun-2025 15:20:09 Europe/Berlin] PHP Warning:  Cannot modify header information - headers already sent by (output started at C:\xampp\htdocs\Agora\Modules\AjustesAdmin\sistema_admin.php:88) in C:\xampp\htdocs\Agora\Modules\AjustesAdmin\sistema_admin.php on line 19
[01-Jun-2025 15:20:54 Europe/Berlin] PHP Warning:  Array to string conversion in C:\xampp\htdocs\Agora\Modules\AjustesAdmin\sistema_admin.php on line 88
[01-Jun-2025 15:20:54 Europe/Berlin] Error: Error al crear backup: "mysqldump" no se reconoce como un comando interno o externo,
programa o archivo por lotes ejecutable.
[01-Jun-2025 15:20:54 Europe/Berlin] Headers already sent in C:\xampp\htdocs\Agora\Modules\AjustesAdmin\sistema_admin.php:88
[01-Jun-2025 15:20:54 Europe/Berlin] PHP Warning:  Cannot modify header information - headers already sent by (output started at C:\xampp\htdocs\Agora\Modules\AjustesAdmin\sistema_admin.php:88) in C:\xampp\htdocs\Agora\Modules\AjustesAdmin\sistema_admin.php on line 19
